<?xml version="1.0" encoding="UTF-8"?>
<testsuite name="TestDataClasses" tests="1" skipped="0" failures="0" errors="0" timestamp="2019-08-03T12:41:16" hostname="HZW001-L50B3813" time="0.022">
  <properties/>
  <testcase name="testListOfPeople" classname="TestDataClasses" time="0.022"/>
  <system-out><![CDATA[]]></system-out>
  <system-err><![CDATA[]]></system-err>
</testsuite>
