<?xml version="1.0" encoding="UTF-8"?>
<testsuite name="TestExtensionsOnCollections" tests="1" skipped="0" failures="0" errors="0" timestamp="2019-08-03T13:05:04" hostname="HZW001-L50B3813" time="0.033">
  <properties/>
  <testcase name="testSort" classname="TestExtensionsOnCollections" time="0.033"/>
  <system-out><![CDATA[]]></system-out>
  <system-err><![CDATA[]]></system-err>
</testsuite>
