<?xml version="1.0" encoding="UTF-8"?>
<testsuite name="TestObjectExpressions" tests="1" skipped="0" failures="0" errors="0" timestamp="2019-08-03T12:59:48" hostname="HZW001-L50B3813" time="0.023">
  <properties/>
  <testcase name="testSort" classname="TestObjectExpressions" time="0.023"/>
  <system-out><![CDATA[]]></system-out>
  <system-err><![CDATA[]]></system-err>
</testsuite>
