<?xml version="1.0" encoding="UTF-8"?>
<testsuite name="TestForLoop" tests="2" skipped="0" failures="0" errors="0" timestamp="2019-08-03T15:09:05" hostname="HZW001-L50B3813" time="0.365">
  <properties/>
  <testcase name="testIterateOverDateRange" classname="TestForLoop" time="0.364"/>
  <testcase name="testIterateOverEmptyRange" classname="TestForLoop" time="0.001"/>
  <system-out><![CDATA[]]></system-out>
  <system-err><![CDATA[]]></system-err>
</testsuite>
