<?xml version="1.0" encoding="UTF-8"?>
<testsuite name="TestExtensionFunctions" tests="2" skipped="0" failures="0" errors="0" timestamp="2019-08-03T12:55:31" hostname="HZW001-L50B3813" time="0.01">
  <properties/>
  <testcase name="testPairExtension" classname="TestExtensionFunctions" time="0.008"/>
  <testcase name="testIntExtension" classname="TestExtensionFunctions" time="0.0"/>
  <system-out><![CDATA[]]></system-out>
  <system-err><![CDATA[]]></system-err>
</testsuite>
